\BOOKMARK [1][-]{section.1}{\376\377\000C\000o\000u\000r\000s\000e\000\040\000O\000v\000e\000r\000v\000i\000e\000w}{}% 1
\BOOKMARK [2][-]{subsection.1.1}{\376\377\000I\000n\000s\000t\000r\000u\000c\000t\000o\000r\000\040\000I\000n\000f\000o\000r\000m\000a\000t\000i\000o\000n}{section.1}% 2
\BOOKMARK [2][-]{subsection.1.2}{\376\377\000P\000r\000e\000r\000e\000q\000u\000i\000s\000i\000t\000e\000s}{section.1}% 3
\BOOKMARK [2][-]{subsection.1.3}{\376\377\000A\000s\000s\000e\000s\000s\000m\000e\000n\000t\000\040\000a\000n\000d\000\040\000E\000v\000a\000l\000u\000a\000t\000i\000o\000n}{section.1}% 4
\BOOKMARK [2][-]{subsection.1.4}{\376\377\000O\000b\000j\000e\000c\000t\000i\000v\000e\000s}{section.1}% 5
\BOOKMARK [1][-]{section.2}{\376\377\000A\000g\000e\000n\000d\000a}{}% 6
\BOOKMARK [1][-]{section.3}{\376\377\000C\000o\000u\000r\000s\000e\000\040\000C\000o\000n\000t\000e\000n\000t}{}% 7
\BOOKMARK [2][-]{subsection.3.1}{\376\377\000M\000o\000d\000u\000l\000e\000\040\0001\000:\000\040\000I\000n\000t\000r\000o\000d\000u\000c\000t\000i\000o\000n\000\040\000t\000o\000\040\000R\000e\000a\000l\000-\000T\000i\000m\000e\000\040\000S\000y\000s\000t\000e\000m\000s}{section.3}% 8
\BOOKMARK [3][-]{subsubsection.3.1.1}{\376\377\000W\000h\000a\000t\000\040\000e\000x\000a\000c\000t\000l\000y\000\040\000m\000e\000a\000n\000s\000\040\000F\000r\000e\000e\000?}{subsection.3.1}% 9
\BOOKMARK [3][-]{subsubsection.3.1.2}{\376\377\000W\000h\000a\000t\000\040\000i\000s\000\040\000a\000n\000\040\000O\000p\000e\000r\000a\000t\000i\000n\000g\000\040\000S\000y\000s\000t\000e\000m\000?}{subsection.3.1}% 10
\BOOKMARK [3][-]{subsubsection.3.1.3}{\376\377\000W\000h\000a\000t\000\040\000i\000s\000\040\000R\000e\000a\000l\000-\000T\000i\000m\000e\000?}{subsection.3.1}% 11
\BOOKMARK [3][-]{subsubsection.3.1.4}{\376\377\000W\000h\000a\000t\000\040\000d\000o\000e\000s\000\040\000R\000T\000O\000S\000\040\000s\000t\000a\000n\000d\000f\000o\000r\000?}{subsection.3.1}% 12
\BOOKMARK [3][-]{subsubsection.3.1.5}{\376\377\000C\000r\000i\000t\000i\000c\000a\000l\000\040\000s\000y\000s\000t\000e\000m\000s}{subsection.3.1}% 13
\BOOKMARK [2][-]{subsection.3.2}{\376\377\000F\000r\000e\000e\000R\000T\000O\000S\000\040\000A\000r\000c\000h\000i\000t\000e\000c\000t\000u\000r\000e}{section.3}% 14
\BOOKMARK [3][-]{subsubsection.3.2.1}{\376\377\000B\000a\000s\000i\000c\000\040\000C\000o\000n\000c\000e\000p\000t\000s}{subsection.3.2}% 15
\BOOKMARK [3][-]{subsubsection.3.2.2}{\376\377\000C\000o\000n\000c\000u\000r\000r\000e\000n\000t\000\040\000p\000r\000o\000c\000e\000s\000i\000n\000g\000\040\000i\000n\000\040\000F\000r\000e\000e\000R\000T\000O\000S}{subsection.3.2}% 16
\BOOKMARK [2][-]{subsection.3.3}{\376\377\000H\000a\000n\000d\000s\000\040\000o\000n\000\040\000E\000S\000P\0003\0002}{section.3}% 17
\BOOKMARK [3][-]{subsubsection.3.3.1}{\376\377\000S\000h\000o\000r\000t\000\040\000s\000t\000o\000r\000y\000\040\000a\000b\000o\000u\000t\000\040\000s\000p\000r\000e\000s\000s\000i\000f\000\040\000m\000i\000c\000r\000o\000c\000o\000n\000t\000r\000o\000l\000l\000e\000r\000s}{subsection.3.3}% 18
\BOOKMARK [3][-]{subsubsection.3.3.2}{\376\377\000I\000n\000s\000t\000a\000l\000l\000\040\000v\000i\000s\000u\000a\000l\000\040\000s\000t\000u\000d\000i\000o\000\040\000c\000o\000d\000e}{subsection.3.3}% 19
\BOOKMARK [3][-]{subsubsection.3.3.3}{\376\377\000W\000S\000L\000\040\000i\000n\000s\000t\000a\000l\000a\000t\000i\000o\000n\000\040\000f\000o\000r\000\040\000e\000s\000p\000r\000e\000s\000s\000i\000f\000\040\000F\000r\000e\000e\000R\000T\000O\000S\000\040\000S\000D\000K}{subsection.3.3}% 20
\BOOKMARK [2][-]{subsection.3.4}{\376\377\000H\000o\000w\000\040\000t\000o\000\040\000d\000o\000\040\000U\000M\000L\000\040\000a\000n\000d\000\040\000p\000l\000a\000n\000n\000i\000n\000g\000\040\000f\000o\000r\000\040\000F\000r\000e\000e\000R\000T\000O\000S\000\040\000p\000r\000o\000g\000r\000a\000m\000m\000i\000n\000g}{section.3}% 21
\BOOKMARK [2][-]{subsection.3.5}{\376\377\000F\000r\000e\000e\000R\000T\000O\000S\000\040\000P\000r\000o\000g\000r\000a\000m\000m\000i\000n\000g}{section.3}% 22
\BOOKMARK [1][-]{section.4}{\376\377\000F\000i\000n\000a\000l\000\040\000p\000r\000o\000j\000e\000c\000t\000\040}{}% 23
\BOOKMARK [2][-]{subsection.4.1}{\376\377\000S\000o\000f\000t\000w\000a\000r\000e\000\040\000R\000e\000q\000u\000i\000r\000e\000m\000e\000n\000t\000s\000:}{section.4}% 24
\BOOKMARK [1][-]{section.5}{\376\377\000M\000a\000t\000e\000r\000i\000a\000l\000s\000\040\000a\000n\000d\000\040\000R\000e\000s\000o\000u\000r\000c\000e\000s}{}% 25
